
ROM used: 25 (0%)
          25 (0%) including unused fragments

          0 Average locations per line
          12 Average locations per statement

RAM used: 5 (1%) at main() level
          5 (1%) worst case

Stack used: 0 worst case (out of 8 total available)

Lines Stmts  %   Files
----- ----- ---  -----
   14     2 100  main.c
   12     0   0  main.h
  430     0   0  C:\Program Files (x86)\PICC\devices\16F887.h
----- -----
  456     2 Total

Page ROM  %  RAM   Vol Diff  Functions:
---- --- --- ---   --- ----  ----------
0     21  84   0    14  0.8  main

Program metrics:
    Functions               1
    Statements              2
    Comments                89
    Volume (V)              14
    Difficilty (D)          0.8
    Effort to implement (E) 10
    Time to implement (T)   0 minutes
    Est Delivered Bugs (B)  0
    Cyclomatic Complexity   1
    Maintainability (MI)    190

 Segment     Used  Free
-----------  ----  ----
00000-00003     4  0  
00004-007FF    21  2023  
00800-00FFF     0  2048  
01000-017FF     0  2048  
01800-01FFF     0  2048  



